-------------------------------------------------------------------------------
Test set: com.mesnotescolab.controller.AuthControllerIntegrationTest
-------------------------------------------------------------------------------
Tests run: 12, Failures: 3, Errors: 2, Skipped: 0, Time elapsed: 14.57 s <<< FAILURE! -- in com.mesnotescolab.controller.AuthControllerIntegrationTest
com.mesnotescolab.controller.AuthControllerIntegrationTest.shouldRegisterUserSuccessfully -- Time elapsed: 0.016 s <<< ERROR!
java.lang.Error: 
Unresolved compilation problem: 
	The method andExpected(ResultMatcher) is undefined for the type ResultActions

	at com.mesnotescolab.controller.AuthControllerIntegrationTest.shouldRegisterUserSuccessfully(AuthControllerIntegrationTest.java:94)
	at java.base/java.lang.reflect.Method.invoke(Method.java:568)
	at java.base/java.util.ArrayList.forEach(ArrayList.java:1511)
	at java.base/java.util.ArrayList.forEach(ArrayList.java:1511)

com.mesnotescolab.controller.AuthControllerIntegrationTest.shouldRejectLoginWithInvalidCredentials -- Time elapsed: 0.040 s <<< FAILURE!
java.lang.AssertionError: JSON path "$.message" expected:<Email ou mot de passe incorrect.> but was:<Identifiants incorrects.>
	at org.springframework.test.util.AssertionErrors.fail(AssertionErrors.java:59)
	at org.springframework.test.util.AssertionErrors.assertEquals(AssertionErrors.java:122)
	at org.springframework.test.util.JsonPathExpectationsHelper.assertValue(JsonPathExpectationsHelper.java:123)
	at org.springframework.test.web.servlet.result.JsonPathResultMatchers.lambda$value$2(JsonPathResultMatchers.java:111)
	at org.springframework.test.web.servlet.MockMvc$1.andExpect(MockMvc.java:214)
	at com.mesnotescolab.controller.AuthControllerIntegrationTest.shouldRejectLoginWithInvalidCredentials(AuthControllerIntegrationTest.java:160)
	at java.base/java.lang.reflect.Method.invoke(Method.java:568)
	at java.base/java.util.ArrayList.forEach(ArrayList.java:1511)
	at java.base/java.util.ArrayList.forEach(ArrayList.java:1511)

com.mesnotescolab.controller.AuthControllerIntegrationTest.shouldChangePasswordSuccessfully -- Time elapsed: 0.042 s <<< ERROR!
org.mockito.exceptions.base.MockitoException: 

Only void methods can doNothing()!
Example of correct use of doNothing():
    doNothing().
    doThrow(new RuntimeException())
    .when(mock).someVoidMethod();
Above means:
someVoidMethod() does nothing the 1st time but throws an exception the 2nd time is called
	at com.mesnotescolab.service.UserService.changePassword(UserService.java:68)
	at com.mesnotescolab.controller.AuthControllerIntegrationTest.shouldChangePasswordSuccessfully(AuthControllerIntegrationTest.java:212)
	at java.base/java.lang.reflect.Method.invoke(Method.java:568)
	at java.base/java.util.ArrayList.forEach(ArrayList.java:1511)
	at java.base/java.util.ArrayList.forEach(ArrayList.java:1511)

com.mesnotescolab.controller.AuthControllerIntegrationTest.shouldRequireAuthenticationForCurrentUserProfile -- Time elapsed: 0.038 s <<< FAILURE!
java.lang.AssertionError: Status expected:<401> but was:<302>
	at org.springframework.test.util.AssertionErrors.fail(AssertionErrors.java:59)
	at org.springframework.test.util.AssertionErrors.assertEquals(AssertionErrors.java:122)
	at org.springframework.test.web.servlet.result.StatusResultMatchers.lambda$matcher$9(StatusResultMatchers.java:637)
	at org.springframework.test.web.servlet.MockMvc$1.andExpect(MockMvc.java:214)
	at com.mesnotescolab.controller.AuthControllerIntegrationTest.shouldRequireAuthenticationForCurrentUserProfile(AuthControllerIntegrationTest.java:282)
	at java.base/java.lang.reflect.Method.invoke(Method.java:568)
	at java.base/java.util.ArrayList.forEach(ArrayList.java:1511)
	at java.base/java.util.ArrayList.forEach(ArrayList.java:1511)

com.mesnotescolab.controller.AuthControllerIntegrationTest.shouldRequireAuthenticationForProfileUpdate -- Time elapsed: 0.015 s <<< FAILURE!
java.lang.AssertionError: Status expected:<401> but was:<302>
	at org.springframework.test.util.AssertionErrors.fail(AssertionErrors.java:59)
	at org.springframework.test.util.AssertionErrors.assertEquals(AssertionErrors.java:122)
	at org.springframework.test.web.servlet.result.StatusResultMatchers.lambda$matcher$9(StatusResultMatchers.java:637)
	at org.springframework.test.web.servlet.MockMvc$1.andExpect(MockMvc.java:214)
	at com.mesnotescolab.controller.AuthControllerIntegrationTest.shouldRequireAuthenticationForProfileUpdate(AuthControllerIntegrationTest.java:201)
	at java.base/java.lang.reflect.Method.invoke(Method.java:568)
	at java.base/java.util.ArrayList.forEach(ArrayList.java:1511)
	at java.base/java.util.ArrayList.forEach(ArrayList.java:1511)

