-------------------------------------------------------------------------------
Test set: com.mesnotescolab.service.NotificationServiceTest
-------------------------------------------------------------------------------
Tests run: 13, Failures: 0, Errors: 13, Skipped: 0, Time elapsed: 0.035 s <<< FAILURE! -- in com.mesnotescolab.service.NotificationServiceTest
com.mesnotescolab.service.NotificationServiceTest.shouldDeleteNotificationsByNoteIdSuccessfully -- Time elapsed: 0.003 s <<< ERROR!
java.lang.Error: 
Unresolved compilation problem: 
	The method setTitre(String) is undefined for the type Notification

	at com.mesnotescolab.service.NotificationServiceTest.setUp(NotificationServiceTest.java:49)
	at java.base/java.lang.reflect.Method.invoke(Method.java:568)
	at java.base/java.util.ArrayList.forEach(ArrayList.java:1511)
	at java.base/java.util.ArrayList.forEach(ArrayList.java:1511)

com.mesnotescolab.service.NotificationServiceTest.shouldCountUnreadNotifications -- Time elapsed: 0.002 s <<< ERROR!
java.lang.Error: 
Unresolved compilation problem: 
	The method setTitre(String) is undefined for the type Notification

	at com.mesnotescolab.service.NotificationServiceTest.setUp(NotificationServiceTest.java:49)
	at java.base/java.lang.reflect.Method.invoke(Method.java:568)
	at java.base/java.util.ArrayList.forEach(ArrayList.java:1511)
	at java.base/java.util.ArrayList.forEach(ArrayList.java:1511)

com.mesnotescolab.service.NotificationServiceTest.shouldCreateNotificationSuccessfully -- Time elapsed: 0.002 s <<< ERROR!
java.lang.Error: 
Unresolved compilation problem: 
	The method setTitre(String) is undefined for the type Notification

	at com.mesnotescolab.service.NotificationServiceTest.setUp(NotificationServiceTest.java:49)
	at java.base/java.lang.reflect.Method.invoke(Method.java:568)
	at java.base/java.util.ArrayList.forEach(ArrayList.java:1511)
	at java.base/java.util.ArrayList.forEach(ArrayList.java:1511)

com.mesnotescolab.service.NotificationServiceTest.shouldFindNotificationsByRelatedEntity -- Time elapsed: 0.002 s <<< ERROR!
java.lang.Error: 
Unresolved compilation problem: 
	The method setTitre(String) is undefined for the type Notification

	at com.mesnotescolab.service.NotificationServiceTest.setUp(NotificationServiceTest.java:49)
	at java.base/java.lang.reflect.Method.invoke(Method.java:568)
	at java.base/java.util.ArrayList.forEach(ArrayList.java:1511)
	at java.base/java.util.ArrayList.forEach(ArrayList.java:1511)

com.mesnotescolab.service.NotificationServiceTest.shouldMarkNotificationsAsReadSuccessfully -- Time elapsed: 0.002 s <<< ERROR!
java.lang.Error: 
Unresolved compilation problem: 
	The method setTitre(String) is undefined for the type Notification

	at com.mesnotescolab.service.NotificationServiceTest.setUp(NotificationServiceTest.java:49)
	at java.base/java.lang.reflect.Method.invoke(Method.java:568)
	at java.base/java.util.ArrayList.forEach(ArrayList.java:1511)
	at java.base/java.util.ArrayList.forEach(ArrayList.java:1511)

com.mesnotescolab.service.NotificationServiceTest.shouldDeleteNotificationSuccessfully -- Time elapsed: 0.003 s <<< ERROR!
java.lang.Error: 
Unresolved compilation problem: 
	The method setTitre(String) is undefined for the type Notification

	at com.mesnotescolab.service.NotificationServiceTest.setUp(NotificationServiceTest.java:49)
	at java.base/java.lang.reflect.Method.invoke(Method.java:568)
	at java.base/java.util.ArrayList.forEach(ArrayList.java:1511)
	at java.base/java.util.ArrayList.forEach(ArrayList.java:1511)

com.mesnotescolab.service.NotificationServiceTest.shouldMarkAllNotificationsAsReadSuccessfully -- Time elapsed: 0.002 s <<< ERROR!
java.lang.Error: 
Unresolved compilation problem: 
	The method setTitre(String) is undefined for the type Notification

	at com.mesnotescolab.service.NotificationServiceTest.setUp(NotificationServiceTest.java:49)
	at java.base/java.lang.reflect.Method.invoke(Method.java:568)
	at java.base/java.util.ArrayList.forEach(ArrayList.java:1511)
	at java.base/java.util.ArrayList.forEach(ArrayList.java:1511)

com.mesnotescolab.service.NotificationServiceTest.shouldFindNotificationsByType -- Time elapsed: 0.002 s <<< ERROR!
java.lang.Error: 
Unresolved compilation problem: 
	The method setTitre(String) is undefined for the type Notification

	at com.mesnotescolab.service.NotificationServiceTest.setUp(NotificationServiceTest.java:49)
	at java.base/java.lang.reflect.Method.invoke(Method.java:568)
	at java.base/java.util.ArrayList.forEach(ArrayList.java:1511)
	at java.base/java.util.ArrayList.forEach(ArrayList.java:1511)

com.mesnotescolab.service.NotificationServiceTest.shouldDeleteOldNotificationsSuccessfully -- Time elapsed: 0.002 s <<< ERROR!
java.lang.Error: 
Unresolved compilation problem: 
	The method setTitre(String) is undefined for the type Notification

	at com.mesnotescolab.service.NotificationServiceTest.setUp(NotificationServiceTest.java:49)
	at java.base/java.lang.reflect.Method.invoke(Method.java:568)
	at java.base/java.util.ArrayList.forEach(ArrayList.java:1511)
	at java.base/java.util.ArrayList.forEach(ArrayList.java:1511)

com.mesnotescolab.service.NotificationServiceTest.shouldGetRecentNotifications -- Time elapsed: 0.002 s <<< ERROR!
java.lang.Error: 
Unresolved compilation problem: 
	The method setTitre(String) is undefined for the type Notification

	at com.mesnotescolab.service.NotificationServiceTest.setUp(NotificationServiceTest.java:49)
	at java.base/java.lang.reflect.Method.invoke(Method.java:568)
	at java.base/java.util.ArrayList.forEach(ArrayList.java:1511)
	at java.base/java.util.ArrayList.forEach(ArrayList.java:1511)

com.mesnotescolab.service.NotificationServiceTest.shouldGetAllNotificationsWithPagination -- Time elapsed: 0.002 s <<< ERROR!
java.lang.Error: 
Unresolved compilation problem: 
	The method setTitre(String) is undefined for the type Notification

	at com.mesnotescolab.service.NotificationServiceTest.setUp(NotificationServiceTest.java:49)
	at java.base/java.lang.reflect.Method.invoke(Method.java:568)
	at java.base/java.util.ArrayList.forEach(ArrayList.java:1511)
	at java.base/java.util.ArrayList.forEach(ArrayList.java:1511)

com.mesnotescolab.service.NotificationServiceTest.shouldCreateSystemNotificationSuccessfully -- Time elapsed: 0.001 s <<< ERROR!
java.lang.Error: 
Unresolved compilation problem: 
	The method setTitre(String) is undefined for the type Notification

	at com.mesnotescolab.service.NotificationServiceTest.setUp(NotificationServiceTest.java:49)
	at java.base/java.lang.reflect.Method.invoke(Method.java:568)
	at java.base/java.util.ArrayList.forEach(ArrayList.java:1511)
	at java.base/java.util.ArrayList.forEach(ArrayList.java:1511)

com.mesnotescolab.service.NotificationServiceTest.shouldGetOnlyUnreadNotificationsWhenUnreadOnlyIsTrue -- Time elapsed: 0.001 s <<< ERROR!
java.lang.Error: 
Unresolved compilation problem: 
	The method setTitre(String) is undefined for the type Notification

	at com.mesnotescolab.service.NotificationServiceTest.setUp(NotificationServiceTest.java:49)
	at java.base/java.lang.reflect.Method.invoke(Method.java:568)
	at java.base/java.util.ArrayList.forEach(ArrayList.java:1511)
	at java.base/java.util.ArrayList.forEach(ArrayList.java:1511)

