-------------------------------------------------------------------------------
Test set: com.mesnotescolab.service.EmailServiceTest
-------------------------------------------------------------------------------
Tests run: 6, Failures: 0, Errors: 6, Skipped: 0, Time elapsed: 0.008 s <<< FAILURE! -- in com.mesnotescolab.service.EmailServiceTest
com.mesnotescolab.service.EmailServiceTest.shouldHandleEmailSendingFailureGracefully -- Time elapsed: 0 s <<< ERROR!
java.lang.Error: 
Unresolved compilation problems: 
	The method send(MimeMessage) is ambiguous for the type JavaMailSender
	Cannot cast from MimeMessage to SimpleMailMessage

	at com.mesnotescolab.service.EmailServiceTest.<init>(EmailServiceTest.java:123)
	at java.base/java.lang.reflect.Constructor.newInstanceWithCaller(Constructor.java:499)
	at java.base/java.lang.reflect.Constructor.newInstance(Constructor.java:480)
	at java.base/java.util.Optional.orElseGet(Optional.java:364)
	at java.base/java.util.ArrayList.forEach(ArrayList.java:1511)
	at java.base/java.util.ArrayList.forEach(ArrayList.java:1511)

com.mesnotescolab.service.EmailServiceTest.shouldSendWelcomeEmailSuccessfully -- Time elapsed: 0.001 s <<< ERROR!
java.lang.Error: 
Unresolved compilation problems: 
	The method send(MimeMessage) is ambiguous for the type JavaMailSender
	Cannot cast from MimeMessage to SimpleMailMessage

	at com.mesnotescolab.service.EmailServiceTest.<init>(EmailServiceTest.java:123)
	at java.base/java.lang.reflect.Constructor.newInstanceWithCaller(Constructor.java:499)
	at java.base/java.lang.reflect.Constructor.newInstance(Constructor.java:480)
	at java.base/java.util.Optional.orElseGet(Optional.java:364)
	at java.base/java.util.ArrayList.forEach(ArrayList.java:1511)
	at java.base/java.util.ArrayList.forEach(ArrayList.java:1511)

com.mesnotescolab.service.EmailServiceTest.shouldSendEmailWithCorrectContentStructure -- Time elapsed: 0 s <<< ERROR!
java.lang.Error: 
Unresolved compilation problems: 
	The method send(MimeMessage) is ambiguous for the type JavaMailSender
	Cannot cast from MimeMessage to SimpleMailMessage

	at com.mesnotescolab.service.EmailServiceTest.<init>(EmailServiceTest.java:123)
	at java.base/java.lang.reflect.Constructor.newInstanceWithCaller(Constructor.java:499)
	at java.base/java.lang.reflect.Constructor.newInstance(Constructor.java:480)
	at java.base/java.util.Optional.orElseGet(Optional.java:364)
	at java.base/java.util.ArrayList.forEach(ArrayList.java:1511)
	at java.base/java.util.ArrayList.forEach(ArrayList.java:1511)

com.mesnotescolab.service.EmailServiceTest.shouldSendNotificationEmailSuccessfully -- Time elapsed: 0 s <<< ERROR!
java.lang.Error: 
Unresolved compilation problems: 
	The method send(MimeMessage) is ambiguous for the type JavaMailSender
	Cannot cast from MimeMessage to SimpleMailMessage

	at com.mesnotescolab.service.EmailServiceTest.<init>(EmailServiceTest.java:123)
	at java.base/java.lang.reflect.Constructor.newInstanceWithCaller(Constructor.java:499)
	at java.base/java.lang.reflect.Constructor.newInstance(Constructor.java:480)
	at java.base/java.util.Optional.orElseGet(Optional.java:364)
	at java.base/java.util.ArrayList.forEach(ArrayList.java:1511)
	at java.base/java.util.ArrayList.forEach(ArrayList.java:1511)

com.mesnotescolab.service.EmailServiceTest.shouldNotSendEmailWhenToEmailIsEmpty -- Time elapsed: 0 s <<< ERROR!
java.lang.Error: 
Unresolved compilation problems: 
	The method send(MimeMessage) is ambiguous for the type JavaMailSender
	Cannot cast from MimeMessage to SimpleMailMessage

	at com.mesnotescolab.service.EmailServiceTest.<init>(EmailServiceTest.java:123)
	at java.base/java.lang.reflect.Constructor.newInstanceWithCaller(Constructor.java:499)
	at java.base/java.lang.reflect.Constructor.newInstance(Constructor.java:480)
	at java.base/java.util.Optional.orElseGet(Optional.java:364)
	at java.base/java.util.ArrayList.forEach(ArrayList.java:1511)
	at java.base/java.util.ArrayList.forEach(ArrayList.java:1511)

com.mesnotescolab.service.EmailServiceTest.shouldNotSendEmailWhenToEmailIsNull -- Time elapsed: 0.001 s <<< ERROR!
java.lang.Error: 
Unresolved compilation problems: 
	The method send(MimeMessage) is ambiguous for the type JavaMailSender
	Cannot cast from MimeMessage to SimpleMailMessage

	at com.mesnotescolab.service.EmailServiceTest.<init>(EmailServiceTest.java:123)
	at java.base/java.lang.reflect.Constructor.newInstanceWithCaller(Constructor.java:499)
	at java.base/java.lang.reflect.Constructor.newInstance(Constructor.java:480)
	at java.base/java.util.Optional.orElseGet(Optional.java:364)
	at java.base/java.util.ArrayList.forEach(ArrayList.java:1511)
	at java.base/java.util.ArrayList.forEach(ArrayList.java:1511)

