-------------------------------------------------------------------------------
Test set: com.mesnotescolab.integration.ApplicationIntegrationTest
-------------------------------------------------------------------------------
Tests run: 6, Failures: 3, Errors: 0, Skipped: 0, Time elapsed: 7.590 s <<< FAILURE! -- in com.mesnotescolab.integration.ApplicationIntegrationTest
com.mesnotescolab.integration.ApplicationIntegrationTest.shouldHandleAuthenticationErrorsProperly -- Time elapsed: 0.008 s <<< FAILURE!
java.lang.AssertionError: Status expected:<401> but was:<302>
	at org.springframework.test.util.AssertionErrors.fail(AssertionErrors.java:59)
	at org.springframework.test.util.AssertionErrors.assertEquals(AssertionErrors.java:122)
	at org.springframework.test.web.servlet.result.StatusResultMatchers.lambda$matcher$9(StatusResultMatchers.java:637)
	at org.springframework.test.web.servlet.MockMvc$1.andExpect(MockMvc.java:214)
	at com.mesnotescolab.integration.ApplicationIntegrationTest.shouldHandleAuthenticationErrorsProperly(ApplicationIntegrationTest.java:129)
	at java.base/java.lang.reflect.Method.invoke(Method.java:568)
	at java.base/java.util.ArrayList.forEach(ArrayList.java:1511)
	at java.base/java.util.ArrayList.forEach(ArrayList.java:1511)

com.mesnotescolab.integration.ApplicationIntegrationTest.shouldProvideHealthCheckEndpoint -- Time elapsed: 0.145 s <<< FAILURE!
java.lang.AssertionError: Status expected:<200> but was:<503>
	at org.springframework.test.util.AssertionErrors.fail(AssertionErrors.java:59)
	at org.springframework.test.util.AssertionErrors.assertEquals(AssertionErrors.java:122)
	at org.springframework.test.web.servlet.result.StatusResultMatchers.lambda$matcher$9(StatusResultMatchers.java:637)
	at org.springframework.test.web.servlet.MockMvc$1.andExpect(MockMvc.java:214)
	at com.mesnotescolab.integration.ApplicationIntegrationTest.shouldProvideHealthCheckEndpoint(ApplicationIntegrationTest.java:214)
	at java.base/java.lang.reflect.Method.invoke(Method.java:568)
	at java.base/java.util.ArrayList.forEach(ArrayList.java:1511)
	at java.base/java.util.ArrayList.forEach(ArrayList.java:1511)

com.mesnotescolab.integration.ApplicationIntegrationTest.shouldCompleteFullUserWorkflow -- Time elapsed: 1.441 s <<< FAILURE!
java.lang.AssertionError: Status expected:<201> but was:<400>
	at org.springframework.test.util.AssertionErrors.fail(AssertionErrors.java:59)
	at org.springframework.test.util.AssertionErrors.assertEquals(AssertionErrors.java:122)
	at org.springframework.test.web.servlet.result.StatusResultMatchers.lambda$matcher$9(StatusResultMatchers.java:637)
	at org.springframework.test.web.servlet.MockMvc$1.andExpect(MockMvc.java:214)
	at com.mesnotescolab.integration.ApplicationIntegrationTest.shouldCompleteFullUserWorkflow(ApplicationIntegrationTest.java:99)
	at java.base/java.lang.reflect.Method.invoke(Method.java:568)
	at java.base/java.util.ArrayList.forEach(ArrayList.java:1511)
	at java.base/java.util.ArrayList.forEach(ArrayList.java:1511)

