<?xml version="1.0" encoding="UTF-8"?>
<testsuite xmlns:xsi="http://www.w3.org/2001/XMLSchema-instance" xsi:noNamespaceSchemaLocation="https://maven.apache.org/surefire/maven-surefire-plugin/xsd/surefire-test-report-3.0.xsd" version="3.0" name="com.mesnotescolab.config.SecurityConfigTest" time="21.788" tests="6" errors="0" skipped="0" failures="0">
  <properties>
[...]
</properties>
  <testcase name="shouldNotMatchWrongPassword" classname="com.mesnotescolab.config.SecurityConfigTest" time="1.433">
    <system-out><![CDATA[03:16:25.280 [main] INFO org.springframework.test.context.support.AnnotationConfigContextLoaderUtils -- Could not detect default configuration classes for test class [com.mesnotescolab.config.SecurityConfigTest]: SecurityConfigTest does not declare any static, non-private, non-final, nested classes annotated with @Configuration.
03:16:25.480 [main] INFO org.springframework.boot.test.context.SpringBootTestContextBootstrapper -- Found @SpringBootConfiguration com.mesnotescolab.MesNotesColabApplication for test class com.mesnotescolab.config.SecurityConfigTest

  .   ____          _            __ _ _
 /\\ / ___'_ __ _ _(_)_ __  __ _ \ \ \ \
( ( )\___ | '_ | '_| | '_ \/ _` | \ \ \ \
 \\/  ___)| |_)| | | | | || (_| |  ) ) ) )
  '  |____| .__|_| |_|_| |_\__, | / / / /
 =========|_|==============|___/=/_/_/_/
 :: Spring Boot ::                (v3.2.0)

2025-07-29 03:16:26 - Starting SecurityConfigTest using Java 17.0.14 with PID 42624 (started by MC_SE in C:\Users\MC_SE\Developer\Entrevistas\CBX\mesnotescolab\backend-springboot)
2025-07-29 03:16:26 - Running with Spring Boot v3.2.0, Spring v6.1.1
2025-07-29 03:16:26 - The following 1 profile is active: "test"
2025-07-29 03:16:28 - Bootstrapping Spring Data JPA repositories in DEFAULT mode.
2025-07-29 03:16:28 - Finished Spring Data repository scanning in 124 ms. Found 5 JPA repository interfaces.
2025-07-29 03:16:29 - HHH000204: Processing PersistenceUnitInfo [name: default]
2025-07-29 03:16:30 - HHH000412: Hibernate ORM core version 6.3.1.Final
2025-07-29 03:16:30 - HHH000026: Second-level cache disabled
2025-07-29 03:16:30 - No LoadTimeWeaver setup: ignoring JPA class transformer
2025-07-29 03:16:30 - HikariPool-1 - Starting...
2025-07-29 03:16:30 - HikariPool-1 - Added connection conn0: url=jdbc:h2:mem:testdb user=SA
2025-07-29 03:16:30 - HikariPool-1 - Start completed.
2025-07-29 03:16:30 - HHH90000025: H2Dialect does not need to be specified explicitly using 'hibernate.dialect' (remove the property setting and it will be selected by default)
2025-07-29 03:16:32 - HHH000489: No JTA platform available (set 'hibernate.transaction.jta.platform' to enable JTA platform integration)
2025-07-29 03:16:32 - drop table if exists folder_collaborateurs cascade 
2025-07-29 03:16:32 - drop table if exists folders cascade 
2025-07-29 03:16:32 - drop table if exists note_collaborateurs cascade 
2025-07-29 03:16:32 - drop table if exists note_references cascade 
2025-07-29 03:16:32 - drop table if exists note_tags cascade 
2025-07-29 03:16:32 - drop table if exists notes cascade 
2025-07-29 03:16:32 - drop table if exists notification_metadata cascade 
2025-07-29 03:16:32 - drop table if exists notifications cascade 
2025-07-29 03:16:32 - drop table if exists users cascade 
2025-07-29 03:16:32 - drop table if exists workspace_collaborateurs cascade 
2025-07-29 03:16:32 - drop table if exists workspaces cascade 
2025-07-29 03:16:32 - create table folder_collaborateurs (date_ajout timestamp(6) not null, folder_id bigint not null, user_id bigint, permission varchar(255) not null check (permission in ('LECTURE','ECRITURE','ADMIN')))
2025-07-29 03:16:32 - create table folders (is_public boolean, couleur varchar(7), created_at timestamp(6) not null, derniere_activite timestamp(6), id bigint generated by default as identity, parent_id bigint, proprietaire_id bigint not null, updated_at timestamp(6) not null, workspace_id bigint not null, nom varchar(100) not null, description varchar(500), primary key (id))
2025-07-29 03:16:32 - create table note_collaborateurs (date_ajout timestamp(6) not null, note_id bigint not null, user_id bigint, permission varchar(255) not null check (permission in ('LECTURE','ECRITURE','ADMIN')))
2025-07-29 03:16:32 - create table note_references (end_position integer, start_position integer, created_at timestamp(6) not null, note_id bigint, parent_note_id bigint not null)
2025-07-29 03:16:32 - create table note_tags (note_id bigint not null, tag varchar(30))
2025-07-29 03:16:32 - create table notes (is_archived boolean, is_public boolean, version integer not null, couleur varchar(7), auteur_id bigint not null, created_at timestamp(6) not null, derniere_activite timestamp(6), dossier_id bigint, id bigint generated by default as identity, parent_id bigint, updated_at timestamp(6) not null, workspace_id bigint not null, titre varchar(100) not null, contenu varchar(50000) not null, primary key (id))
2025-07-29 03:16:32 - create table notification_metadata (notification_id bigint not null, metadata_key varchar(255) not null, metadata_value varchar(255), primary key (notification_id, metadata_key))
2025-07-29 03:16:32 - create table notifications (is_lue boolean, created_at timestamp(6) not null, destinataire_id bigint not null, expediteur_id bigint, id bigint generated by default as identity, note_id bigint, updated_at timestamp(6) not null, message varchar(500) not null, type varchar(255) not null check (type in ('PARTAGE','MODIFICATION','COMMENTAIRE','INVITATION','SYSTEME')), primary key (id))
2025-07-29 03:16:32 - create table users (is_active boolean not null, created_at timestamp(6) not null, derniere_connexion timestamp(6), id bigint generated by default as identity, updated_at timestamp(6) not null, nom varchar(50) not null, avatar varchar(500), email varchar(255) not null unique, idioma varchar(255) not null check (idioma in ('PT','FR','EN','DE')), mot_de_passe varchar(255) not null, primary key (id))
2025-07-29 03:16:32 - create table workspace_collaborateurs (date_ajout timestamp(6) not null, user_id bigint, workspace_id bigint not null, permission varchar(255) not null check (permission in ('LECTURE','ECRITURE','ADMIN')))
2025-07-29 03:16:32 - create table workspaces (is_public boolean, couleur varchar(7), created_at timestamp(6) not null, derniere_activite timestamp(6), id bigint generated by default as identity, parent_id bigint, proprietaire_id bigint not null, updated_at timestamp(6) not null, nom varchar(100) not null, description varchar(500), primary key (id))
2025-07-29 03:16:32 - create index idx_user_email on users (email)
2025-07-29 03:16:32 - alter table if exists folder_collaborateurs add constraint FK6k8j5om562h195nc6d05ejdm foreign key (folder_id) references folders
2025-07-29 03:16:32 - alter table if exists folders add constraint FKqcp836dgme9195j0wy9v3b6o3 foreign key (parent_id) references folders
2025-07-29 03:16:32 - alter table if exists folders add constraint FKlvmfu0xos731cnsk0clgpd10c foreign key (proprietaire_id) references users
2025-07-29 03:16:32 - alter table if exists folders add constraint FKl9l9k5aegfjmgij3y1f79tynh foreign key (workspace_id) references workspaces
2025-07-29 03:16:32 - alter table if exists note_collaborateurs add constraint FK4vcme8nvlhkw20v0twg1fop3h foreign key (note_id) references notes
2025-07-29 03:16:32 - alter table if exists note_references add constraint FKj0b6v6lt2al18nkwgg6ffu42m foreign key (parent_note_id) references notes
2025-07-29 03:16:32 - alter table if exists note_tags add constraint FKb15yxop81senc5xs5tjrsy4k4 foreign key (note_id) references notes
2025-07-29 03:16:32 - alter table if exists notes add constraint FKj2p6cbcbutewsltnhqkjtjdnb foreign key (auteur_id) references users
2025-07-29 03:16:32 - alter table if exists notes add constraint FKjcndkef1cef2urkhnbk5b9nv8 foreign key (dossier_id) references folders
2025-07-29 03:16:32 - alter table if exists notes add constraint FKrmaxb8m0fd09symcgxc0m7kno foreign key (parent_id) references notes
2025-07-29 03:16:32 - alter table if exists notes add constraint FK5gwb4qvlwl3mf27pxm3dyoyex foreign key (workspace_id) references workspaces
2025-07-29 03:16:32 - alter table if exists notification_metadata add constraint FK375ja66l26pvxrai1u8ondks2 foreign key (notification_id) references notifications
2025-07-29 03:16:32 - alter table if exists notifications add constraint FKqfqbwour5dn6mgbd3a1t5tymx foreign key (destinataire_id) references users
2025-07-29 03:16:32 - alter table if exists notifications add constraint FKndne652n235jb0h1vbd44lap foreign key (expediteur_id) references users
2025-07-29 03:16:32 - alter table if exists notifications add constraint FKskjgan5h0s81ti0oy9vbl13by foreign key (note_id) references notes
2025-07-29 03:16:32 - alter table if exists workspace_collaborateurs add constraint FKom3l7jjp4xt50celw0fqsp80o foreign key (workspace_id) references workspaces
2025-07-29 03:16:32 - alter table if exists workspaces add constraint FKsp502ks5er62ad79vs84716t foreign key (parent_id) references workspaces
2025-07-29 03:16:32 - alter table if exists workspaces add constraint FKj2vey3qb443l12u12m4xg2elt foreign key (proprietaire_id) references users
2025-07-29 03:16:32 - Initialized JPA EntityManagerFactory for persistence unit 'default'
2025-07-29 03:16:34 - Hibernate is in classpath; If applicable, HQL parser will be used.
2025-07-29 03:16:35 - Unable to proxy interface-implementing method [public final void org.springframework.web.filter.OncePerRequestFilter.doFilter(jakarta.servlet.ServletRequest,jakarta.servlet.ServletResponse,jakarta.servlet.FilterChain) throws jakarta.servlet.ServletException,java.io.IOException] because it is marked as final, consider using interface-based JDK proxies instead.
2025-07-29 03:16:35 - Unable to proxy interface-implementing method [public final void org.springframework.web.filter.GenericFilterBean.init(jakarta.servlet.FilterConfig) throws jakarta.servlet.ServletException] because it is marked as final, consider using interface-based JDK proxies instead.
2025-07-29 03:16:38 - spring.jpa.open-in-view is enabled by default. Therefore, database queries may be performed during view rendering. Explicitly configure spring.jpa.open-in-view to disable this warning
2025-07-29 03:16:40 - Exposing 1 endpoint(s) beneath base path '/actuator'
2025-07-29 03:16:41 - Will secure any request with [org.springframework.security.web.session.DisableEncodeUrlFilter@46d50b32, org.springframework.security.web.context.request.async.WebAsyncManagerIntegrationFilter@460e17b8, org.springframework.security.web.context.SecurityContextHolderFilter@8fdff8a, org.springframework.security.web.header.HeaderWriterFilter@46ff2f8f, org.springframework.web.filter.CorsFilter@166dcee7, org.springframework.security.web.authentication.logout.LogoutFilter@458cf415, com.mesnotescolab.config.JwtAuthenticationFilter@3d3a3738, org.springframework.security.web.authentication.UsernamePasswordAuthenticationFilter@467f21f8, org.springframework.security.web.savedrequest.RequestCacheAwareFilter@7d7ab689, org.springframework.security.web.servletapi.SecurityContextHolderAwareRequestFilter@141afe4d, org.springframework.security.web.authentication.AnonymousAuthenticationFilter@6df723a7, org.springframework.security.web.session.SessionManagementFilter@2b437232, org.springframework.security.web.access.ExceptionTranslationFilter@1c33ca15, org.springframework.security.web.access.intercept.AuthorizationFilter@1d38fd4a]
2025-07-29 03:16:42 - H2 console available at '/h2-console'. Database available at 'jdbc:h2:mem:testdb'
2025-07-29 03:16:42 - Starting...
2025-07-29 03:16:42 - BrokerAvailabilityEvent[available=true, SimpleBrokerMessageHandler [org.springframework.messaging.simp.broker.DefaultSubscriptionRegistry@32ae2303]]
2025-07-29 03:16:42 - Started.
2025-07-29 03:16:42 - Started SecurityConfigTest in 17.204 seconds (process running for 19.654)
]]></system-out>
  </testcase>
  <testcase name="shouldCreatePasswordEncoderBean" classname="com.mesnotescolab.config.SecurityConfigTest" time="0.008"/>
  <testcase name="shouldEncodePasswordCorrectly" classname="com.mesnotescolab.config.SecurityConfigTest" time="0.711"/>
  <testcase name="shouldCreateAuthenticationManagerBean" classname="com.mesnotescolab.config.SecurityConfigTest" time="0.006"/>
  <testcase name="shouldCreateCorsConfigurationSourceBean" classname="com.mesnotescolab.config.SecurityConfigTest" time="0.006"/>
  <testcase name="shouldGenerateDifferentHashesForSamePassword" classname="com.mesnotescolab.config.SecurityConfigTest" time="1.599"/>
</testsuite>