<?xml version="1.0" encoding="UTF-8"?>
<testsuite xmlns:xsi="http://www.w3.org/2001/XMLSchema-instance" xsi:noNamespaceSchemaLocation="https://maven.apache.org/surefire/maven-surefire-plugin/xsd/surefire-test-report-3.0.xsd" version="3.0" name="com.mesnotescolab.controller.AuthControllerIntegrationTest" time="14.574" tests="12" errors="2" skipped="0" failures="3">
  <properties>
[...]
</properties>
  <testcase name="shouldLoginUserSuccessfully" classname="com.mesnotescolab.controller.AuthControllerIntegrationTest" time="1.795">
    <system-out><![CDATA[2025-07-29 03:00:57 - Could not detect default configuration classes for test class [com.mesnotescolab.controller.AuthControllerIntegrationTest]: AuthControllerIntegrationTest does not declare any static, non-private, non-final, nested classes annotated with @Configuration.
2025-07-29 03:00:57 - Found @SpringBootConfiguration com.mesnotescolab.MesNotesColabApplication for test class com.mesnotescolab.controller.AuthControllerIntegrationTest

  .   ____          _            __ _ _
 /\\ / ___'_ __ _ _(_)_ __  __ _ \ \ \ \
( ( )\___ | '_ | '_| | '_ \/ _` | \ \ \ \
 \\/  ___)| |_)| | | | | || (_| |  ) ) ) )
  '  |____| .__|_| |_|_| |_\__, | / / / /
 =========|_|==============|___/=/_/_/_/
 :: Spring Boot ::                (v3.2.0)

2025-07-29 03:00:57 - Starting AuthControllerIntegrationTest using Java 17.0.14 with PID 19644 (started by MC_SE in C:\Users\MC_SE\Developer\Entrevistas\CBX\mesnotescolab\backend-springboot)
2025-07-29 03:00:57 - Running with Spring Boot v3.2.0, Spring v6.1.1
2025-07-29 03:00:57 - The following 1 profile is active: "test"
2025-07-29 03:00:58 - Bootstrapping Spring Data JPA repositories in DEFAULT mode.
2025-07-29 03:00:58 - Finished Spring Data repository scanning in 48 ms. Found 5 JPA repository interfaces.
2025-07-29 03:00:59 - HHH000204: Processing PersistenceUnitInfo [name: default]
2025-07-29 03:00:59 - HHH000026: Second-level cache disabled
2025-07-29 03:00:59 - No LoadTimeWeaver setup: ignoring JPA class transformer
2025-07-29 03:00:59 - HikariPool-2 - Starting...
2025-07-29 03:00:59 - HikariPool-2 - Added connection conn10: url=jdbc:h2:mem:testdb user=SA
2025-07-29 03:00:59 - HikariPool-2 - Start completed.
2025-07-29 03:00:59 - HHH90000025: H2Dialect does not need to be specified explicitly using 'hibernate.dialect' (remove the property setting and it will be selected by default)
2025-07-29 03:01:00 - HHH000489: No JTA platform available (set 'hibernate.transaction.jta.platform' to enable JTA platform integration)
2025-07-29 03:01:00 - drop table if exists folder_collaborateurs cascade 
2025-07-29 03:01:00 - drop table if exists folders cascade 
2025-07-29 03:01:00 - drop table if exists note_collaborateurs cascade 
2025-07-29 03:01:00 - drop table if exists note_references cascade 
2025-07-29 03:01:00 - drop table if exists note_tags cascade 
2025-07-29 03:01:00 - drop table if exists notes cascade 
2025-07-29 03:01:00 - drop table if exists notification_metadata cascade 
2025-07-29 03:01:00 - drop table if exists notifications cascade 
2025-07-29 03:01:00 - drop table if exists users cascade 
2025-07-29 03:01:00 - drop table if exists workspace_collaborateurs cascade 
2025-07-29 03:01:00 - drop table if exists workspaces cascade 
2025-07-29 03:01:00 - create table folder_collaborateurs (date_ajout timestamp(6) not null, folder_id bigint not null, user_id bigint, permission varchar(255) not null check (permission in ('LECTURE','ECRITURE','ADMIN')))
2025-07-29 03:01:00 - create table folders (is_public boolean, couleur varchar(7), created_at timestamp(6) not null, derniere_activite timestamp(6), id bigint generated by default as identity, parent_id bigint, proprietaire_id bigint not null, updated_at timestamp(6) not null, workspace_id bigint not null, nom varchar(100) not null, description varchar(500), primary key (id))
2025-07-29 03:01:00 - create table note_collaborateurs (date_ajout timestamp(6) not null, note_id bigint not null, user_id bigint, permission varchar(255) not null check (permission in ('LECTURE','ECRITURE','ADMIN')))
2025-07-29 03:01:00 - create table note_references (end_position integer, start_position integer, created_at timestamp(6) not null, note_id bigint, parent_note_id bigint not null)
2025-07-29 03:01:00 - create table note_tags (note_id bigint not null, tag varchar(30))
2025-07-29 03:01:00 - create table notes (is_archived boolean, is_public boolean, version integer not null, couleur varchar(7), auteur_id bigint not null, created_at timestamp(6) not null, derniere_activite timestamp(6), dossier_id bigint, id bigint generated by default as identity, parent_id bigint, updated_at timestamp(6) not null, workspace_id bigint not null, titre varchar(100) not null, contenu varchar(50000) not null, primary key (id))
2025-07-29 03:01:00 - create table notification_metadata (notification_id bigint not null, metadata_key varchar(255) not null, metadata_value varchar(255), primary key (notification_id, metadata_key))
2025-07-29 03:01:00 - create table notifications (is_lue boolean, created_at timestamp(6) not null, destinataire_id bigint not null, expediteur_id bigint, id bigint generated by default as identity, note_id bigint, updated_at timestamp(6) not null, message varchar(500) not null, type varchar(255) not null check (type in ('PARTAGE','MODIFICATION','COMMENTAIRE','INVITATION','SYSTEME')), primary key (id))
2025-07-29 03:01:00 - create table users (is_active boolean not null, created_at timestamp(6) not null, derniere_connexion timestamp(6), id bigint generated by default as identity, updated_at timestamp(6) not null, nom varchar(50) not null, avatar varchar(500), email varchar(255) not null unique, idioma varchar(255) not null check (idioma in ('PT','FR','EN','DE')), mot_de_passe varchar(255) not null, primary key (id))
2025-07-29 03:01:00 - create table workspace_collaborateurs (date_ajout timestamp(6) not null, user_id bigint, workspace_id bigint not null, permission varchar(255) not null check (permission in ('LECTURE','ECRITURE','ADMIN')))
2025-07-29 03:01:00 - create table workspaces (is_public boolean, couleur varchar(7), created_at timestamp(6) not null, derniere_activite timestamp(6), id bigint generated by default as identity, parent_id bigint, proprietaire_id bigint not null, updated_at timestamp(6) not null, nom varchar(100) not null, description varchar(500), primary key (id))
2025-07-29 03:01:00 - create index idx_user_email on users (email)
2025-07-29 03:01:00 - alter table if exists folder_collaborateurs add constraint FK6k8j5om562h195nc6d05ejdm foreign key (folder_id) references folders
2025-07-29 03:01:00 - alter table if exists folders add constraint FKqcp836dgme9195j0wy9v3b6o3 foreign key (parent_id) references folders
2025-07-29 03:01:00 - alter table if exists folders add constraint FKlvmfu0xos731cnsk0clgpd10c foreign key (proprietaire_id) references users
2025-07-29 03:01:00 - alter table if exists folders add constraint FKl9l9k5aegfjmgij3y1f79tynh foreign key (workspace_id) references workspaces
2025-07-29 03:01:00 - alter table if exists note_collaborateurs add constraint FK4vcme8nvlhkw20v0twg1fop3h foreign key (note_id) references notes
2025-07-29 03:01:00 - alter table if exists note_references add constraint FKj0b6v6lt2al18nkwgg6ffu42m foreign key (parent_note_id) references notes
2025-07-29 03:01:00 - alter table if exists note_tags add constraint FKb15yxop81senc5xs5tjrsy4k4 foreign key (note_id) references notes
2025-07-29 03:01:00 - alter table if exists notes add constraint FKj2p6cbcbutewsltnhqkjtjdnb foreign key (auteur_id) references users
2025-07-29 03:01:00 - alter table if exists notes add constraint FKjcndkef1cef2urkhnbk5b9nv8 foreign key (dossier_id) references folders
2025-07-29 03:01:00 - alter table if exists notes add constraint FKrmaxb8m0fd09symcgxc0m7kno foreign key (parent_id) references notes
2025-07-29 03:01:00 - alter table if exists notes add constraint FK5gwb4qvlwl3mf27pxm3dyoyex foreign key (workspace_id) references workspaces
2025-07-29 03:01:00 - alter table if exists notification_metadata add constraint FK375ja66l26pvxrai1u8ondks2 foreign key (notification_id) references notifications
2025-07-29 03:01:00 - alter table if exists notifications add constraint FKqfqbwour5dn6mgbd3a1t5tymx foreign key (destinataire_id) references users
2025-07-29 03:01:00 - alter table if exists notifications add constraint FKndne652n235jb0h1vbd44lap foreign key (expediteur_id) references users
2025-07-29 03:01:00 - alter table if exists notifications add constraint FKskjgan5h0s81ti0oy9vbl13by foreign key (note_id) references notes
2025-07-29 03:01:00 - alter table if exists workspace_collaborateurs add constraint FKom3l7jjp4xt50celw0fqsp80o foreign key (workspace_id) references workspaces
2025-07-29 03:01:00 - alter table if exists workspaces add constraint FKsp502ks5er62ad79vs84716t foreign key (parent_id) references workspaces
2025-07-29 03:01:00 - alter table if exists workspaces add constraint FKj2vey3qb443l12u12m4xg2elt foreign key (proprietaire_id) references users
2025-07-29 03:01:00 - Initialized JPA EntityManagerFactory for persistence unit 'default'
2025-07-29 03:01:02 - spring.jpa.open-in-view is enabled by default. Therefore, database queries may be performed during view rendering. Explicitly configure spring.jpa.open-in-view to disable this warning
2025-07-29 03:01:06 - Exposing 1 endpoint(s) beneath base path '/actuator'
2025-07-29 03:01:07 - Will secure any request with [org.springframework.security.web.session.DisableEncodeUrlFilter@1bcbb240, org.springframework.security.web.context.request.async.WebAsyncManagerIntegrationFilter@29d8d547, org.springframework.security.web.context.SecurityContextHolderFilter@68b565ae, org.springframework.security.web.header.HeaderWriterFilter@1539294b, org.springframework.web.filter.CorsFilter@161d59aa, org.springframework.security.web.authentication.logout.LogoutFilter@318356b2, com.mesnotescolab.config.JwtAuthenticationFilter@1f772775, org.springframework.security.web.authentication.UsernamePasswordAuthenticationFilter@8d91042, org.springframework.security.web.savedrequest.RequestCacheAwareFilter@58358c13, org.springframework.security.web.servletapi.SecurityContextHolderAwareRequestFilter@3d6d7d27, org.springframework.security.web.authentication.AnonymousAuthenticationFilter@b6fb919, org.springframework.security.web.session.SessionManagementFilter@424ca071, org.springframework.security.web.access.ExceptionTranslationFilter@17c53e0a, org.springframework.security.web.access.intercept.AuthorizationFilter@2754703d]
2025-07-29 03:01:09 - H2 console available at '/h2-console'. Database available at 'jdbc:h2:mem:testdb'
2025-07-29 03:01:09 - Starting...
2025-07-29 03:01:09 - BrokerAvailabilityEvent[available=true, SimpleBrokerMessageHandler [org.springframework.messaging.simp.broker.DefaultSubscriptionRegistry@f5e34c3]]
2025-07-29 03:01:09 - Started.
2025-07-29 03:01:09 - Started AuthControllerIntegrationTest in 12.187 seconds (process running for 31.668)
2025-07-29 03:01:09 - Initializing Spring TestDispatcherServlet ''
2025-07-29 03:01:09 - Initializing Servlet ''
2025-07-29 03:01:09 - Completed initialization in 3 ms
2025-07-29 03:01:10 - Securing POST /api/auth/login
2025-07-29 03:01:10 - Set SecurityContextHolder to anonymous SecurityContext
2025-07-29 03:01:10 - Secured POST /api/auth/login
]]></system-out>
  </testcase>
  <testcase name="shouldUpdateProfileSuccessfully" classname="com.mesnotescolab.controller.AuthControllerIntegrationTest" time="0.063">
    <system-out><![CDATA[2025-07-29 03:01:11 - Initializing Spring TestDispatcherServlet ''
2025-07-29 03:01:11 - Initializing Servlet ''
2025-07-29 03:01:11 - Completed initialization in 3 ms
2025-07-29 03:01:11 - Securing PUT /api/auth/profile
2025-07-29 03:01:11 - Secured PUT /api/auth/profile
]]></system-out>
  </testcase>
  <testcase name="shouldRegisterUserSuccessfully" classname="com.mesnotescolab.controller.AuthControllerIntegrationTest" time="0.016">
    <error message="Unresolved compilation problem: &#10;	The method andExpected(ResultMatcher) is undefined for the type ResultActions&#10;" type="java.lang.Error"><![CDATA[java.lang.Error: 
Unresolved compilation problem: 
	The method andExpected(ResultMatcher) is undefined for the type ResultActions

	at com.mesnotescolab.controller.AuthControllerIntegrationTest.shouldRegisterUserSuccessfully(AuthControllerIntegrationTest.java:94)
	at java.base/java.lang.reflect.Method.invoke(Method.java:568)
	at java.base/java.util.ArrayList.forEach(ArrayList.java:1511)
	at java.base/java.util.ArrayList.forEach(ArrayList.java:1511)
]]></error>
    <system-out><![CDATA[2025-07-29 03:01:11 - Initializing Spring TestDispatcherServlet ''
2025-07-29 03:01:11 - Initializing Servlet ''
2025-07-29 03:01:11 - Completed initialization in 4 ms
]]></system-out>
  </testcase>
  <testcase name="shouldRejectLoginWithInvalidCredentials" classname="com.mesnotescolab.controller.AuthControllerIntegrationTest" time="0.04">
    <failure message="JSON path &quot;$.message&quot; expected:&lt;Email ou mot de passe incorrect.&gt; but was:&lt;Identifiants incorrects.&gt;" type="java.lang.AssertionError"><![CDATA[java.lang.AssertionError: JSON path "$.message" expected:<Email ou mot de passe incorrect.> but was:<Identifiants incorrects.>
	at org.springframework.test.util.AssertionErrors.fail(AssertionErrors.java:59)
	at org.springframework.test.util.AssertionErrors.assertEquals(AssertionErrors.java:122)
	at org.springframework.test.util.JsonPathExpectationsHelper.assertValue(JsonPathExpectationsHelper.java:123)
	at org.springframework.test.web.servlet.result.JsonPathResultMatchers.lambda$value$2(JsonPathResultMatchers.java:111)
	at org.springframework.test.web.servlet.MockMvc$1.andExpect(MockMvc.java:214)
	at com.mesnotescolab.controller.AuthControllerIntegrationTest.shouldRejectLoginWithInvalidCredentials(AuthControllerIntegrationTest.java:160)
	at java.base/java.lang.reflect.Method.invoke(Method.java:568)
	at java.base/java.util.ArrayList.forEach(ArrayList.java:1511)
	at java.base/java.util.ArrayList.forEach(ArrayList.java:1511)
]]></failure>
    <system-out><![CDATA[2025-07-29 03:01:11 - Initializing Spring TestDispatcherServlet ''
2025-07-29 03:01:11 - Initializing Servlet ''
2025-07-29 03:01:11 - Completed initialization in 2 ms
2025-07-29 03:01:11 - Securing POST /api/auth/login
2025-07-29 03:01:11 - Set SecurityContextHolder to anonymous SecurityContext
2025-07-29 03:01:11 - Secured POST /api/auth/login
2025-07-29 03:01:11 - Erreur connexion: Bad credentials
]]></system-out>
  </testcase>
  <testcase name="shouldChangePasswordSuccessfully" classname="com.mesnotescolab.controller.AuthControllerIntegrationTest" time="0.042">
    <error message="&#10;Only void methods can doNothing()!&#10;Example of correct use of doNothing():&#10;    doNothing().&#10;    doThrow(new RuntimeException())&#10;    .when(mock).someVoidMethod();&#10;Above means:&#10;someVoidMethod() does nothing the 1st time but throws an exception the 2nd time is called" type="org.mockito.exceptions.base.MockitoException"><![CDATA[org.mockito.exceptions.base.MockitoException: 

Only void methods can doNothing()!
Example of correct use of doNothing():
    doNothing().
    doThrow(new RuntimeException())
    .when(mock).someVoidMethod();
Above means:
someVoidMethod() does nothing the 1st time but throws an exception the 2nd time is called
	at com.mesnotescolab.service.UserService.changePassword(UserService.java:68)
	at com.mesnotescolab.controller.AuthControllerIntegrationTest.shouldChangePasswordSuccessfully(AuthControllerIntegrationTest.java:212)
	at java.base/java.lang.reflect.Method.invoke(Method.java:568)
	at java.base/java.util.ArrayList.forEach(ArrayList.java:1511)
	at java.base/java.util.ArrayList.forEach(ArrayList.java:1511)
]]></error>
    <system-out><![CDATA[2025-07-29 03:01:11 - Initializing Spring TestDispatcherServlet ''
2025-07-29 03:01:11 - Initializing Servlet ''
2025-07-29 03:01:11 - Completed initialization in 2 ms
]]></system-out>
  </testcase>
  <testcase name="shouldHandleServiceExceptionsGracefully" classname="com.mesnotescolab.controller.AuthControllerIntegrationTest" time="0.042">
    <system-out><![CDATA[2025-07-29 03:01:11 - Initializing Spring TestDispatcherServlet ''
2025-07-29 03:01:11 - Initializing Servlet ''
2025-07-29 03:01:11 - Completed initialization in 2 ms
2025-07-29 03:01:11 - Securing POST /api/auth/register
2025-07-29 03:01:11 - Set SecurityContextHolder to anonymous SecurityContext
2025-07-29 03:01:11 - Secured POST /api/auth/register
2025-07-29 03:01:11 - Erreur inscription: Email already exists
]]></system-out>
  </testcase>
  <testcase name="shouldRejectPasswordChangeWithInvalidData" classname="com.mesnotescolab.controller.AuthControllerIntegrationTest" time="0.072">
    <system-out><![CDATA[2025-07-29 03:01:11 - Initializing Spring TestDispatcherServlet ''
2025-07-29 03:01:11 - Initializing Servlet ''
2025-07-29 03:01:11 - Completed initialization in 4 ms
2025-07-29 03:01:11 - Securing PUT /api/auth/change-password
2025-07-29 03:01:11 - Secured PUT /api/auth/change-password
]]></system-out>
  </testcase>
  <testcase name="shouldGetCurrentUserProfile" classname="com.mesnotescolab.controller.AuthControllerIntegrationTest" time="0.018">
    <system-out><![CDATA[2025-07-29 03:01:11 - Initializing Spring TestDispatcherServlet ''
2025-07-29 03:01:11 - Initializing Servlet ''
2025-07-29 03:01:11 - Completed initialization in 2 ms
2025-07-29 03:01:11 - Securing GET /api/auth/me
2025-07-29 03:01:11 - Secured GET /api/auth/me
]]></system-out>
  </testcase>
  <testcase name="shouldRequireAuthenticationForCurrentUserProfile" classname="com.mesnotescolab.controller.AuthControllerIntegrationTest" time="0.038">
    <failure message="Status expected:&lt;401&gt; but was:&lt;302&gt;" type="java.lang.AssertionError"><![CDATA[java.lang.AssertionError: Status expected:<401> but was:<302>
	at org.springframework.test.util.AssertionErrors.fail(AssertionErrors.java:59)
	at org.springframework.test.util.AssertionErrors.assertEquals(AssertionErrors.java:122)
	at org.springframework.test.web.servlet.result.StatusResultMatchers.lambda$matcher$9(StatusResultMatchers.java:637)
	at org.springframework.test.web.servlet.MockMvc$1.andExpect(MockMvc.java:214)
	at com.mesnotescolab.controller.AuthControllerIntegrationTest.shouldRequireAuthenticationForCurrentUserProfile(AuthControllerIntegrationTest.java:282)
	at java.base/java.lang.reflect.Method.invoke(Method.java:568)
	at java.base/java.util.ArrayList.forEach(ArrayList.java:1511)
	at java.base/java.util.ArrayList.forEach(ArrayList.java:1511)
]]></failure>
    <system-out><![CDATA[2025-07-29 03:01:11 - Initializing Spring TestDispatcherServlet ''
2025-07-29 03:01:11 - Initializing Servlet ''
2025-07-29 03:01:11 - Completed initialization in 2 ms
2025-07-29 03:01:11 - Securing GET /api/auth/me
2025-07-29 03:01:11 - Set SecurityContextHolder to anonymous SecurityContext
2025-07-29 03:01:11 - Redirecting to http://localhost/login
]]></system-out>
  </testcase>
  <testcase name="shouldRejectRegistrationWithInvalidData" classname="com.mesnotescolab.controller.AuthControllerIntegrationTest" time="0.031">
    <system-out><![CDATA[2025-07-29 03:01:11 - Initializing Spring TestDispatcherServlet ''
2025-07-29 03:01:11 - Initializing Servlet ''
2025-07-29 03:01:11 - Completed initialization in 2 ms
2025-07-29 03:01:11 - Securing POST /api/auth/register
2025-07-29 03:01:11 - Set SecurityContextHolder to anonymous SecurityContext
2025-07-29 03:01:11 - Secured POST /api/auth/register
]]></system-out>
  </testcase>
  <testcase name="shouldRejectPasswordChangeWithInvalidOldPassword" classname="com.mesnotescolab.controller.AuthControllerIntegrationTest" time="0.026">
    <system-out><![CDATA[2025-07-29 03:01:11 - Initializing Spring TestDispatcherServlet ''
2025-07-29 03:01:11 - Initializing Servlet ''
2025-07-29 03:01:11 - Completed initialization in 3 ms
2025-07-29 03:01:11 - Securing PUT /api/auth/change-password
2025-07-29 03:01:11 - Secured PUT /api/auth/change-password
2025-07-29 03:01:11 - Erreur changement mot de passe: Mot de passe actuel incorrect
]]></system-out>
  </testcase>
  <testcase name="shouldRequireAuthenticationForProfileUpdate" classname="com.mesnotescolab.controller.AuthControllerIntegrationTest" time="0.015">
    <failure message="Status expected:&lt;401&gt; but was:&lt;302&gt;" type="java.lang.AssertionError"><![CDATA[java.lang.AssertionError: Status expected:<401> but was:<302>
	at org.springframework.test.util.AssertionErrors.fail(AssertionErrors.java:59)
	at org.springframework.test.util.AssertionErrors.assertEquals(AssertionErrors.java:122)
	at org.springframework.test.web.servlet.result.StatusResultMatchers.lambda$matcher$9(StatusResultMatchers.java:637)
	at org.springframework.test.web.servlet.MockMvc$1.andExpect(MockMvc.java:214)
	at com.mesnotescolab.controller.AuthControllerIntegrationTest.shouldRequireAuthenticationForProfileUpdate(AuthControllerIntegrationTest.java:201)
	at java.base/java.lang.reflect.Method.invoke(Method.java:568)
	at java.base/java.util.ArrayList.forEach(ArrayList.java:1511)
	at java.base/java.util.ArrayList.forEach(ArrayList.java:1511)
]]></failure>
    <system-out><![CDATA[2025-07-29 03:01:11 - Initializing Spring TestDispatcherServlet ''
2025-07-29 03:01:11 - Initializing Servlet ''
2025-07-29 03:01:11 - Completed initialization in 1 ms
2025-07-29 03:01:11 - Securing PUT /api/auth/profile
2025-07-29 03:01:11 - Set SecurityContextHolder to anonymous SecurityContext
2025-07-29 03:01:11 - Redirecting to http://localhost/login
]]></system-out>
  </testcase>
</testsuite>